#
# There is insufficient memory for the Java Runtime Environment to continue.
# Native memory allocation (malloc) failed to allocate 171600 bytes for Chunk::new
# Possible reasons:
#   The system is out of physical RAM or swap space
#   In 32 bit mode, the process size limit was hit
# Possible solutions:
#   Reduce memory load on the system
#   Increase physical memory or swap space
#   Check if swap backing store is full
#   Use 64 bit Java on a 64 bit OS
#   Decrease Java heap size (-Xmx/-Xms)
#   Decrease number of Java threads
#   Decrease Java thread stack sizes (-Xss)
#   Set larger code cache with -XX:ReservedCodeCacheSize=
# This output file may be truncated or incomplete.
#
#  Out of Memory Error (allocation.cpp:390), pid=12964, tid=0x0000000000002f8c
#
# JRE version: Java(TM) SE Runtime Environment (8.0_144-b01) (build 1.8.0_144-b01)
# Java VM: Java HotSpot(TM) 64-Bit Server VM (25.144-b01 mixed mode windows-amd64 compressed oops)
# Failed to write core dump. Minidumps are not enabled by default on client versions of Windows
#

---------------  T H R E A D  ---------------

Current thread (0x000000001506e000):  JavaThread "C2 CompilerThread0" daemon [_thread_in_native, id=12172, stack(0x00000000166c0000,0x00000000167c0000)]

Stack: [0x00000000166c0000,0x00000000167c0000]
[error occurred during error reporting (printing stack bounds), id 0xc0000005]

Native frames: (J=compiled Java code, j=interpreted, Vv=VM code, C=native code)


Current CompileTask:
C2:  17772 1231       4       com.sun.javafx.css.StyleMap::getCascadingStyles (404 bytes)


---------------  P R O C E S S  ---------------

Java Threads: ( => current thread )
  0x0000000016b21000 JavaThread "Prism Font Disposer" daemon [_thread_blocked, id=924, stack(0x000000001c6b0000,0x000000001c7b0000)]
  0x00000000172a4800 JavaThread "JavaFX-Launcher" [_thread_blocked, id=13196, stack(0x000000001b530000,0x000000001b630000)]
  0x000000001738d800 JavaThread "main-SharedResourceRunner" daemon [_thread_blocked, id=11688, stack(0x000000001b1c0000,0x000000001b2c0000)]
  0x00000000170d6800 JavaThread "AWT-Windows" daemon [_thread_in_native, id=20896, stack(0x000000001a8b0000,0x000000001a9b0000)]
  0x000000001704d800 JavaThread "Java2D Disposer" daemon [_thread_blocked, id=10940, stack(0x000000001a6b0000,0x000000001a7b0000)]
  0x0000000017069000 JavaThread "Thread-2" daemon [_thread_in_native, id=10052, stack(0x000000001a470000,0x000000001a570000)]
  0x000000001701c800 JavaThread "JavaFX Application Thread" [_thread_in_Java, id=4964, stack(0x0000000018490000,0x0000000018590000)]
  0x0000000016ffd800 JavaThread "Thread-1" daemon [_thread_blocked, id=17644, stack(0x0000000018390000,0x0000000018490000)]
  0x0000000016feb000 JavaThread "QuantumRenderer-0" daemon [_thread_blocked, id=15828, stack(0x00000000177c0000,0x00000000178c0000)]
  0x00000000168cd800 JavaThread "Service Thread" daemon [_thread_blocked, id=20000, stack(0x0000000016dc0000,0x0000000016ec0000)]
  0x00000000168c8800 JavaThread "C1 CompilerThread2" daemon [_thread_in_native, id=1212, stack(0x0000000016cc0000,0x0000000016dc0000)]
  0x00000000150ca000 JavaThread "C2 CompilerThread1" daemon [_thread_blocked, id=1624, stack(0x00000000167c0000,0x00000000168c0000)]
=>0x000000001506e000 JavaThread "C2 CompilerThread0" daemon [_thread_in_native, id=12172, stack(0x00000000166c0000,0x00000000167c0000)]
  0x000000001506c800 JavaThread "Attach Listener" daemon [_thread_blocked, id=16420, stack(0x00000000165c0000,0x00000000166c0000)]
  0x000000001506b800 JavaThread "Signal Dispatcher" daemon [_thread_blocked, id=19292, stack(0x00000000164c0000,0x00000000165c0000)]
  0x0000000002c1b000 JavaThread "Finalizer" daemon [_thread_blocked, id=18456, stack(0x00000000162d0000,0x00000000163d0000)]
  0x0000000002c10000 JavaThread "Reference Handler" daemon [_thread_blocked, id=12588, stack(0x00000000161d0000,0x00000000162d0000)]
  0x0000000002c8e000 JavaThread "main" [_thread_blocked, id=15320, stack(0x00000000029f0000,0x0000000002af0000)]

Other Threads:
  0x0000000015037800 VMThread [stack: 0x00000000160d0000,0x00000000161d0000] [id=17316]
  0x00000000168ea000 WatcherThread [stack: 0x0000000016ec0000,0x0000000016fc0000] [id=14012]

VM state:not at safepoint (normal execution)

VM Mutex/Monitor currently owned by a thread: None

Heap:
 PSYoungGen      total 17920K, used 11417K [0x00000000ec580000, 0x00000000ed980000, 0x0000000100000000)
  eden space 15360K, 74% used [0x00000000ec580000,0x00000000ed0a6730,0x00000000ed480000)
  from space 2560K, 0% used [0x00000000ed480000,0x00000000ed480000,0x00000000ed700000)
  to   space 2560K, 0% used [0x00000000ed700000,0x00000000ed700000,0x00000000ed980000)
 ParOldGen       total 26112K, used 5723K [0x00000000c5000000, 0x00000000c6980000, 0x00000000ec580000)
  object space 26112K, 21% used [0x00000000c5000000,0x00000000c5596eb0,0x00000000c6980000)
 Metaspace       used 21246K, capacity 22064K, committed 22400K, reserved 1069056K
  class space    used 2666K, capacity 2844K, committed 2944K, reserved 1048576K

Card table byte_map: [0x0000000012050000,0x0000000012230000] byte_map_base: 0x0000000011a28000

Marking Bits: (ParMarkBitMap*) 0x0000000064b9d850
 Begin Bits: [0x0000000012770000, 0x0000000013630000)
 End Bits:   [0x0000000013630000, 0x00000000144f0000)

Polling page: 0x0000000002b00000

CodeCache: size=245760Kb used=4682Kb max_used=4682Kb free=241077Kb
 bounds [0x0000000002c90000, 0x0000000003130000, 0x0000000011c90000]
 total_blobs=2275 nmethods=1318 adapters=869
 compilation: enabled

Compilation events (10 events):
Event: 17.645 Thread 0x00000000168c8800 nmethod 1257 0x0000000003109310 code [0x0000000003109480, 0x0000000003109630]
Event: 17.645 Thread 0x00000000168c8800 1260       3       java.lang.ThreadLocal$ThreadLocalMap::getEntry (42 bytes)
Event: 17.646 Thread 0x00000000168c8800 nmethod 1260 0x0000000003108d50 code [0x0000000003108ec0, 0x00000000031091a8]
Event: 17.647 Thread 0x00000000150ca000 nmethod 1251 0x0000000003107bd0 code [0x0000000003107de0, 0x0000000003107e98]
Event: 17.647 Thread 0x00000000150ca000 1250       4       java.lang.String::toLowerCase (439 bytes)
Event: 17.648 Thread 0x00000000168c8800 1262       3       java.nio.HeapCharBuffer::put (16 bytes)
Event: 17.650 Thread 0x00000000168c8800 nmethod 1262 0x0000000003108650 code [0x00000000031087e0, 0x0000000003108b88]
Event: 17.650 Thread 0x00000000168c8800 1263       3       java.nio.HeapCharBuffer::ix (7 bytes)
Event: 17.650 Thread 0x00000000168c8800 nmethod 1263 0x0000000003108350 code [0x00000000031084a0, 0x00000000031085f0]
Event: 17.651 Thread 0x00000000168c8800 1264       1       java.lang.StringCoding$StringDecoder::requestedCharsetName (5 bytes)

GC Heap History (10 events):
Event: 15.231 GC heap before
{Heap before GC invocations=2 (full 0):
 PSYoungGen      total 17920K, used 17912K [0x00000000ec580000, 0x00000000ed980000, 0x0000000100000000)
  eden space 15360K, 100% used [0x00000000ec580000,0x00000000ed480000,0x00000000ed480000)
  from space 2560K, 99% used [0x00000000ed480000,0x00000000ed6fe060,0x00000000ed700000)
  to   space 2560K, 0% used [0x00000000ed700000,0x00000000ed700000,0x00000000ed980000)
 ParOldGen       total 40960K, used 739K [0x00000000c5000000, 0x00000000c7800000, 0x00000000ec580000)
  object space 40960K, 1% used [0x00000000c5000000,0x00000000c50b8cb0,0x00000000c7800000)
 Metaspace       used 14944K, capacity 15208K, committed 15488K, reserved 1062912K
  class space    used 1514K, capacity 1618K, committed 1664K, reserved 1048576K
Event: 15.252 GC heap after
Heap after GC invocations=2 (full 0):
 PSYoungGen      total 17920K, used 2528K [0x00000000ec580000, 0x00000000ed980000, 0x0000000100000000)
  eden space 15360K, 0% used [0x00000000ec580000,0x00000000ec580000,0x00000000ed480000)
  from space 2560K, 98% used [0x00000000ed700000,0x00000000ed978020,0x00000000ed980000)
  to   space 2560K, 0% used [0x00000000ed480000,0x00000000ed480000,0x00000000ed700000)
 ParOldGen       total 40960K, used 1754K [0x00000000c5000000, 0x00000000c7800000, 0x00000000ec580000)
  object space 40960K, 4% used [0x00000000c5000000,0x00000000c51b6a38,0x00000000c7800000)
 Metaspace       used 14944K, capacity 15208K, committed 15488K, reserved 1062912K
  class space    used 1514K, capacity 1618K, committed 1664K, reserved 1048576K
}
Event: 15.648 GC heap before
{Heap before GC invocations=3 (full 0):
 PSYoungGen      total 17920K, used 17888K [0x00000000ec580000, 0x00000000ed980000, 0x0000000100000000)
  eden space 15360K, 100% used [0x00000000ec580000,0x00000000ed480000,0x00000000ed480000)
  from space 2560K, 98% used [0x00000000ed700000,0x00000000ed978020,0x00000000ed980000)
  to   space 2560K, 0% used [0x00000000ed480000,0x00000000ed480000,0x00000000ed700000)
 ParOldGen       total 40960K, used 1754K [0x00000000c5000000, 0x00000000c7800000, 0x00000000ec580000)
  object space 40960K, 4% used [0x00000000c5000000,0x00000000c51b6a38,0x00000000c7800000)
 Metaspace       used 14944K, capacity 15208K, committed 15488K, reserved 1062912K
  class space    used 1514K, capacity 1618K, committed 1664K, reserved 1048576K
Event: 15.659 GC heap after
Heap after GC invocations=3 (full 0):
 PSYoungGen      total 17920K, used 2528K [0x00000000ec580000, 0x00000000ed980000, 0x0000000100000000)
  eden space 15360K, 0% used [0x00000000ec580000,0x00000000ec580000,0x00000000ed480000)
  from space 2560K, 98% used [0x00000000ed480000,0x00000000ed6f8020,0x00000000ed700000)
  to   space 2560K, 0% used [0x00000000ed700000,0x00000000ed700000,0x00000000ed980000)
 ParOldGen       total 40960K, used 1762K [0x00000000c5000000, 0x00000000c7800000, 0x00000000ec580000)
  object space 40960K, 4% used [0x00000000c5000000,0x00000000c51b8a38,0x00000000c7800000)
 Metaspace       used 14944K, capacity 15208K, committed 15488K, reserved 1062912K
  class space    used 1514K, capacity 1618K, committed 1664K, reserved 1048576K
}
Event: 15.972 GC heap before
{Heap before GC invocations=4 (full 0):
 PSYoungGen      total 17920K, used 17888K [0x00000000ec580000, 0x00000000ed980000, 0x0000000100000000)
  eden space 15360K, 100% used [0x00000000ec580000,0x00000000ed480000,0x00000000ed480000)
  from space 2560K, 98% used [0x00000000ed480000,0x00000000ed6f8020,0x00000000ed700000)
  to   space 2560K, 0% used [0x00000000ed700000,0x00000000ed700000,0x00000000ed980000)
 ParOldGen       total 40960K, used 1762K [0x00000000c5000000, 0x00000000c7800000, 0x00000000ec580000)
  object space 40960K, 4% used [0x00000000c5000000,0x00000000c51b8a38,0x00000000c7800000)
 Metaspace       used 14989K, capacity 15272K, committed 15488K, reserved 1062912K
  class space    used 1523K, capacity 1618K, committed 1664K, reserved 1048576K
Event: 16.006 GC heap after
Heap after GC invocations=4 (full 0):
 PSYoungGen      total 17920K, used 2528K [0x00000000ec580000, 0x00000000ed980000, 0x0000000100000000)
  eden space 15360K, 0% used [0x00000000ec580000,0x00000000ec580000,0x00000000ed480000)
  from space 2560K, 98% used [0x00000000ed700000,0x00000000ed978040,0x00000000ed980000)
  to   space 2560K, 0% used [0x00000000ed480000,0x00000000ed480000,0x00000000ed700000)
 ParOldGen       total 40960K, used 2141K [0x00000000c5000000, 0x00000000c7800000, 0x00000000ec580000)
  object space 40960K, 5% used [0x00000000c5000000,0x00000000c5217690,0x00000000c7800000)
 Metaspace       used 14989K, capacity 15272K, committed 15488K, reserved 1062912K
  class space    used 1523K, capacity 1618K, committed 1664K, reserved 1048576K
}
Event: 16.581 GC heap before
{Heap before GC invocations=5 (full 0):
 PSYoungGen      total 17920K, used 11290K [0x00000000ec580000, 0x00000000ed980000, 0x0000000100000000)
  eden space 15360K, 57% used [0x00000000ec580000,0x00000000ece0ebb0,0x00000000ed480000)
  from space 2560K, 98% used [0x00000000ed700000,0x00000000ed978040,0x00000000ed980000)
  to   space 2560K, 0% used [0x00000000ed480000,0x00000000ed480000,0x00000000ed700000)
 ParOldGen       total 40960K, used 2141K [0x00000000c5000000, 0x00000000c7800000, 0x00000000ec580000)
  object space 40960K, 5% used [0x00000000c5000000,0x00000000c5217690,0x00000000c7800000)
 Metaspace       used 17813K, capacity 18174K, committed 18304K, reserved 1064960K
  class space    used 2049K, capacity 2165K, committed 2176K, reserved 1048576K
Event: 16.594 GC heap after
Heap after GC invocations=5 (full 0):
 PSYoungGen      total 17920K, used 2547K [0x00000000ec580000, 0x00000000ed980000, 0x0000000100000000)
  eden space 15360K, 0% used [0x00000000ec580000,0x00000000ec580000,0x00000000ed480000)
  from space 2560K, 99% used [0x00000000ed480000,0x00000000ed6fcd88,0x00000000ed700000)
  to   space 2560K, 0% used [0x00000000ed700000,0x00000000ed700000,0x00000000ed980000)
 ParOldGen       total 40960K, used 4039K [0x00000000c5000000, 0x00000000c7800000, 0x00000000ec580000)
  object space 40960K, 9% used [0x00000000c5000000,0x00000000c53f1ef8,0x00000000c7800000)
 Metaspace       used 17813K, capacity 18174K, committed 18304K, reserved 1064960K
  class space    used 2049K, capacity 2165K, committed 2176K, reserved 1048576K
}
Event: 16.595 GC heap before
{Heap before GC invocations=6 (full 1):
 PSYoungGen      total 17920K, used 2547K [0x00000000ec580000, 0x00000000ed980000, 0x0000000100000000)
  eden space 15360K, 0% used [0x00000000ec580000,0x00000000ec580000,0x00000000ed480000)
  from space 2560K, 99% used [0x00000000ed480000,0x00000000ed6fcd88,0x00000000ed700000)
  to   space 2560K, 0% used [0x00000000ed700000,0x00000000ed700000,0x00000000ed980000)
 ParOldGen       total 40960K, used 4039K [0x00000000c5000000, 0x00000000c7800000, 0x00000000ec580000)
  object space 40960K, 9% used [0x00000000c5000000,0x00000000c53f1ef8,0x00000000c7800000)
 Metaspace       used 17813K, capacity 18174K, committed 18304K, reserved 1064960K
  class space    used 2049K, capacity 2165K, committed 2176K, reserved 1048576K
Event: 16.685 GC heap after
Heap after GC invocations=6 (full 1):
 PSYoungGen      total 17920K, used 0K [0x00000000ec580000, 0x00000000ed980000, 0x0000000100000000)
  eden space 15360K, 0% used [0x00000000ec580000,0x00000000ec580000,0x00000000ed480000)
  from space 2560K, 0% used [0x00000000ed480000,0x00000000ed480000,0x00000000ed700000)
  to   space 2560K, 0% used [0x00000000ed700000,0x00000000ed700000,0x00000000ed980000)
 ParOldGen       total 26112K, used 5723K [0x00000000c5000000, 0x00000000c6980000, 0x00000000ec580000)
  object space 26112K, 21% used [0x00000000c5000000,0x00000000c5596eb0,0x00000000c6980000)
 Metaspace       used 17813K, capacity 18174K, committed 18304K, reserved 1064960K
  class space    used 2049K, capacity 2165K, committed 2176K, reserved 1048576K
}

Deoptimization events (10 events):
Event: 17.138 Thread 0x000000001701c800 Uncommon trap: reason=class_check action=maybe_recompile pc=0x0000000002db9570 method=java.lang.String.equals(Ljava/lang/Object;)Z @ 8
Event: 17.138 Thread 0x000000001701c800 Uncommon trap: reason=class_check action=maybe_recompile pc=0x0000000002db9570 method=java.lang.String.equals(Ljava/lang/Object;)Z @ 8
Event: 17.206 Thread 0x000000001701c800 Uncommon trap: reason=class_check action=maybe_recompile pc=0x0000000002db9570 method=java.lang.String.equals(Ljava/lang/Object;)Z @ 8
Event: 17.404 Thread 0x000000001701c800 Uncommon trap: reason=unstable_if action=reinterpret pc=0x0000000003034f6c method=java.lang.ClassLoader.checkName(Ljava/lang/String;)Z @ 20
Event: 17.594 Thread 0x000000001701c800 Uncommon trap: reason=unstable_if action=reinterpret pc=0x0000000002e37e80 method=java.lang.CharacterData.of(I)Ljava/lang/CharacterData; @ 4
Event: 17.630 Thread 0x000000001701c800 Uncommon trap: reason=class_check action=maybe_recompile pc=0x0000000003076068 method=java.util.HashMap.putVal(ILjava/lang/Object;Ljava/lang/Object;ZZ)Ljava/lang/Object; @ 203
Event: 17.631 Thread 0x000000001701c800 Uncommon trap: reason=class_check action=maybe_recompile pc=0x0000000003076068 method=java.util.HashMap.putVal(ILjava/lang/Object;Ljava/lang/Object;ZZ)Ljava/lang/Object; @ 203
Event: 17.637 Thread 0x000000001701c800 Uncommon trap: reason=class_check action=maybe_recompile pc=0x0000000003076068 method=java.util.HashMap.putVal(ILjava/lang/Object;Ljava/lang/Object;ZZ)Ljava/lang/Object; @ 203
Event: 17.639 Thread 0x000000001701c800 Uncommon trap: reason=class_check action=maybe_recompile pc=0x0000000003076068 method=java.util.HashMap.putVal(ILjava/lang/Object;Ljava/lang/Object;ZZ)Ljava/lang/Object; @ 203
Event: 17.641 Thread 0x000000001701c800 Uncommon trap: reason=class_check action=maybe_recompile pc=0x0000000003078ad4 method=java.util.HashMap.putVal(ILjava/lang/Object;Ljava/lang/Object;ZZ)Ljava/lang/Object; @ 203

Internal exceptions (10 events):
Event: 1.089 Thread 0x0000000002c8e000 Exception <a 'java/lang/NoSuchFieldError': method resolution failed> (0x00000000ec787ff8) thrown at [C:\re\workspace\8-2-build-windows-amd64-cygwin\jdk8u144\9417\hotspot\src\share\vm\prims\methodHandles.cpp, line 1146]
Event: 1.163 Thread 0x0000000002c8e000 Exception <a 'java/security/PrivilegedActionException'> (0x00000000ec810500) thrown at [C:\re\workspace\8-2-build-windows-amd64-cygwin\jdk8u144\9417\hotspot\src\share\vm\prims\jvm.cpp, line 1390]
Event: 1.163 Thread 0x0000000002c8e000 Exception <a 'java/security/PrivilegedActionException'> (0x00000000ec810710) thrown at [C:\re\workspace\8-2-build-windows-amd64-cygwin\jdk8u144\9417\hotspot\src\share\vm\prims\jvm.cpp, line 1390]
Event: 1.165 Thread 0x0000000002c8e000 Exception <a 'java/security/PrivilegedActionException'> (0x00000000ec814380) thrown at [C:\re\workspace\8-2-build-windows-amd64-cygwin\jdk8u144\9417\hotspot\src\share\vm\prims\jvm.cpp, line 1390]
Event: 1.165 Thread 0x0000000002c8e000 Exception <a 'java/security/PrivilegedActionException'> (0x00000000ec814590) thrown at [C:\re\workspace\8-2-build-windows-amd64-cygwin\jdk8u144\9417\hotspot\src\share\vm\prims\jvm.cpp, line 1390]
Event: 1.166 Thread 0x0000000002c8e000 Exception <a 'java/lang/NullPointerException'> (0x00000000ec814ed8) thrown at [C:\re\workspace\8-2-build-windows-amd64-cygwin\jdk8u144\9417\hotspot\src\share\vm\interpreter\linkResolver.cpp, line 1197]
Event: 2.274 Thread 0x000000001701c800 Exception <a 'java/io/FileNotFoundException'> (0x00000000ece658b8) thrown at [C:\re\workspace\8-2-build-windows-amd64-cygwin\jdk8u144\9417\hotspot\src\share\vm\prims\jni.cpp, line 709]
Event: 2.328 Thread 0x000000001701c800 Exception <a 'java/io/FileNotFoundException'> (0x00000000ece84ef0) thrown at [C:\re\workspace\8-2-build-windows-amd64-cygwin\jdk8u144\9417\hotspot\src\share\vm\prims\jni.cpp, line 709]
Event: 16.255 Thread 0x000000001701c800 Exception <a 'java/lang/NullPointerException'> (0x00000000ec943070) thrown at [C:\re\workspace\8-2-build-windows-amd64-cygwin\jdk8u144\9417\hotspot\src\share\vm\interpreter\linkResolver.cpp, line 1197]
Event: 16.255 Thread 0x000000001701c800 Exception <a 'java/lang/NullPointerException'> (0x00000000ec943070) thrown at [C:\re\workspace\8-2-build-windows-amd64-cygwin\jdk8u144\9417\hotspot\src\share\vm\prims\jvm.cpp, line 1394]

Events (10 events):
Event: 17.634 loading class com/sun/javafx/font/directwrite/IDWriteFontFile done
Event: 17.637 Thread 0x000000001701c800 Uncommon trap: trap_request=0xffffffde fr.pc=0x0000000003076068
Event: 17.637 Thread 0x000000001701c800 DEOPT PACKING pc=0x0000000003076068 sp=0x000000001858c6f0
Event: 17.637 Thread 0x000000001701c800 DEOPT UNPACKING pc=0x0000000002cd582a sp=0x000000001858c618 mode 2
Event: 17.639 Thread 0x000000001701c800 Uncommon trap: trap_request=0xffffffde fr.pc=0x0000000003076068
Event: 17.639 Thread 0x000000001701c800 DEOPT PACKING pc=0x0000000003076068 sp=0x000000001858c6f0
Event: 17.639 Thread 0x000000001701c800 DEOPT UNPACKING pc=0x0000000002cd582a sp=0x000000001858c618 mode 2
Event: 17.641 Thread 0x000000001701c800 Uncommon trap: trap_request=0xffffffde fr.pc=0x0000000003078ad4
Event: 17.641 Thread 0x000000001701c800 DEOPT PACKING pc=0x0000000003078ad4 sp=0x000000001858c670
Event: 17.641 Thread 0x000000001701c800 DEOPT UNPACKING pc=0x0000000002cd582a sp=0x000000001858c618 mode 2


Dynamic libraries:
0x00007ff6c67d0000 - 0x00007ff6c6807000 	C:\Program Files\Java\jre1.8.0_144\bin\javaw.exe
0x00007ffe07cd0000 - 0x00007ffe07eb1000 	C:\WINDOWS\SYSTEM32\ntdll.dll
0x00007ffe064b0000 - 0x00007ffe06562000 	C:\WINDOWS\System32\KERNEL32.DLL
0x00007ffe04250000 - 0x00007ffe044c3000 	C:\WINDOWS\System32\KERNELBASE.dll
0x00007ffe05200000 - 0x00007ffe052a1000 	C:\WINDOWS\System32\ADVAPI32.dll
0x00007ffe05160000 - 0x00007ffe051fe000 	C:\WINDOWS\System32\msvcrt.dll
0x00007ffe060a0000 - 0x00007ffe060fb000 	C:\WINDOWS\System32\sechost.dll
0x00007ffe054d0000 - 0x00007ffe055f4000 	C:\WINDOWS\System32\RPCRT4.dll
0x00007ffe07a60000 - 0x00007ffe07bf0000 	C:\WINDOWS\System32\USER32.dll
0x00007ffe050c0000 - 0x00007ffe050e0000 	C:\WINDOWS\System32\win32u.dll
0x00007ffe065f0000 - 0x00007ffe06618000 	C:\WINDOWS\System32\GDI32.dll
0x00007ffe04770000 - 0x00007ffe04902000 	C:\WINDOWS\System32\gdi32full.dll
0x00007ffe05020000 - 0x00007ffe050bf000 	C:\WINDOWS\System32\msvcp_win.dll
0x00007ffe04150000 - 0x00007ffe0424a000 	C:\WINDOWS\System32\ucrtbase.dll
0x00007ffdeed50000 - 0x00007ffdeefb9000 	C:\WINDOWS\WinSxS\amd64_microsoft.windows.common-controls_6595b64144ccf1df_6.0.17134.345_none_fb429a5930656358\COMCTL32.dll
0x00007ffe06180000 - 0x00007ffe064a3000 	C:\WINDOWS\System32\combase.dll
0x00007ffe050e0000 - 0x00007ffe0515a000 	C:\WINDOWS\System32\bcryptPrimitives.dll
0x00007ffe05bc0000 - 0x00007ffe05bed000 	C:\WINDOWS\System32\IMM32.DLL
0x0000000063f50000 - 0x0000000064022000 	C:\Program Files\Java\jre1.8.0_144\bin\msvcr100.dll
0x0000000064380000 - 0x0000000064c1d000 	C:\Program Files\Java\jre1.8.0_144\bin\server\jvm.dll
0x00007ffe065e0000 - 0x00007ffe065e8000 	C:\WINDOWS\System32\PSAPI.DLL
0x00007ffdfb3d0000 - 0x00007ffdfb3da000 	C:\WINDOWS\SYSTEM32\VERSION.dll
0x00007ffdf9240000 - 0x00007ffdf9249000 	C:\WINDOWS\SYSTEM32\WSOCK32.dll
0x00007ffdfac00000 - 0x00007ffdfac23000 	C:\WINDOWS\SYSTEM32\WINMM.dll
0x00007ffe05870000 - 0x00007ffe058dc000 	C:\WINDOWS\System32\WS2_32.dll
0x00007ffdf9c40000 - 0x00007ffdf9c6a000 	C:\WINDOWS\SYSTEM32\winmmbase.dll
0x00007ffe04530000 - 0x00007ffe04579000 	C:\WINDOWS\System32\cfgmgr32.dll
0x0000000064ed0000 - 0x0000000064edf000 	C:\Program Files\Java\jre1.8.0_144\bin\verify.dll
0x0000000064ea0000 - 0x0000000064ec9000 	C:\Program Files\Java\jre1.8.0_144\bin\java.dll
0x0000000064e80000 - 0x0000000064e96000 	C:\Program Files\Java\jre1.8.0_144\bin\zip.dll
0x00007ffe06620000 - 0x00007ffe07a5f000 	C:\WINDOWS\System32\SHELL32.dll
0x00007ffe07bf0000 - 0x00007ffe07c99000 	C:\WINDOWS\System32\shcore.dll
0x00007ffe04910000 - 0x00007ffe0501d000 	C:\WINDOWS\System32\windows.storage.dll
0x00007ffe06040000 - 0x00007ffe06091000 	C:\WINDOWS\System32\shlwapi.dll
0x00007ffe04060000 - 0x00007ffe04071000 	C:\WINDOWS\System32\kernel.appcore.dll
0x00007ffe04080000 - 0x00007ffe0409f000 	C:\WINDOWS\System32\profapi.dll
0x00007ffe04010000 - 0x00007ffe0405c000 	C:\WINDOWS\System32\powrprof.dll
0x00007ffe03fe0000 - 0x00007ffe03fea000 	C:\WINDOWS\System32\FLTLIB.DLL
0x00007ffde9e20000 - 0x00007ffde9f0f000 	C:\Program Files\Java\jre1.8.0_144\bin\msvcr120.dll
0x00007ffde9d70000 - 0x00007ffde9e16000 	C:\Program Files\Java\jre1.8.0_144\bin\msvcp120.dll
0x0000000063f20000 - 0x0000000063f42000 	C:\Program Files\Java\jre1.8.0_144\bin\prism_d3d.dll
0x00007ffdd4370000 - 0x00007ffdd4507000 	C:\WINDOWS\system32\d3d9.dll
0x00007ffe02820000 - 0x00007ffe02849000 	C:\WINDOWS\SYSTEM32\dwmapi.dll
0x00007ffe026a0000 - 0x00007ffe02738000 	C:\WINDOWS\system32\uxtheme.dll
0x00007ffdd0e30000 - 0x00007ffdd189e000 	C:\WINDOWS\SYSTEM32\igdumdim64.dll
0x00007ffdf4350000 - 0x00007ffdf47b4000 	C:\WINDOWS\SYSTEM32\igdusc64.dll
0x0000000063ed0000 - 0x0000000063f13000 	C:\Program Files\Java\jre1.8.0_144\bin\glass.dll
0x00007ffe058f0000 - 0x00007ffe059dd000 	C:\WINDOWS\System32\COMDLG32.dll
0x00007ffe052d0000 - 0x00007ffe05421000 	C:\WINDOWS\System32\ole32.dll
0x00007ffe057a0000 - 0x00007ffe05862000 	C:\WINDOWS\System32\OLEAUT32.dll
0x00007ffe05a40000 - 0x00007ffe05bb4000 	C:\WINDOWS\System32\MSCTF.dll
0x0000000063d30000 - 0x0000000063ec8000 	C:\Program Files\Java\jre1.8.0_144\bin\awt.dll
0x00007ffe01f50000 - 0x00007ffe01fdb000 	C:\WINDOWS\SYSTEM32\apphelp.dll
0x00007ffdf07a0000 - 0x00007ffdf08c0000 	C:\WINDOWS\system32\opengl32.dll
0x00007ffdfcc10000 - 0x00007ffdfcc3c000 	C:\WINDOWS\SYSTEM32\GLU32.dll
0x00007ffe03a20000 - 0x00007ffe03a37000 	C:\WINDOWS\SYSTEM32\CRYPTSP.dll
0x00007ffe033e0000 - 0x00007ffe03413000 	C:\WINDOWS\system32\rsaenh.dll
0x00007ffe03b40000 - 0x00007ffe03b65000 	C:\WINDOWS\SYSTEM32\bcrypt.dll
0x00007ffe03ee0000 - 0x00007ffe03f08000 	C:\WINDOWS\SYSTEM32\USERENV.dll
0x00007ffe03a10000 - 0x00007ffe03a1b000 	C:\WINDOWS\SYSTEM32\CRYPTBASE.dll
0x0000000064e60000 - 0x0000000064e7a000 	C:\Program Files\Java\jre1.8.0_144\bin\net.dll
0x00007ffe03860000 - 0x00007ffe038c6000 	C:\WINDOWS\system32\mswsock.dll
0x00007ffe035e0000 - 0x00007ffe03618000 	C:\WINDOWS\SYSTEM32\IPHLPAPI.DLL
0x00007ffe065d0000 - 0x00007ffe065d8000 	C:\WINDOWS\System32\NSI.dll
0x00007ffdfe1f0000 - 0x00007ffdfe206000 	C:\WINDOWS\SYSTEM32\dhcpcsvc6.DLL
0x00007ffdfe370000 - 0x00007ffdfe38a000 	C:\WINDOWS\SYSTEM32\dhcpcsvc.DLL
0x0000000064e40000 - 0x0000000064e51000 	C:\Program Files\Java\jre1.8.0_144\bin\nio.dll
0x00000000637c0000 - 0x00000000637cd000 	C:\Users\LENOVO\AppData\Local\Temp\jogamp_0000\file_cache\jln7535060409388403471\jln2479193686049630053\natives\windows-amd64\gluegen-rt.dll
0x0000000063d20000 - 0x0000000063d27000 	C:\Program Files\Java\jre1.8.0_144\bin\jawt.dll
0x000000006a440000 - 0x000000006a44d000 	C:\Users\LENOVO\AppData\Local\Temp\jogamp_0000\file_cache\jln7535060409388403471\jln2479193686049630053\natives\windows-amd64\nativewindow_awt.dll
0x000000006c100000 - 0x000000006c10f000 	C:\Users\LENOVO\AppData\Local\Temp\jogamp_0000\file_cache\jln7535060409388403471\jln2479193686049630053\natives\windows-amd64\nativewindow_win32.dll
0x000000001a7b0000 - 0x000000001a861000 	C:\Users\LENOVO\AppData\Local\Temp\jogamp_0000\file_cache\jln7535060409388403471\jln2479193686049630053\natives\windows-amd64\jogl_desktop.dll
0x000000001b3c0000 - 0x000000001b422000 	C:\Users\LENOVO\AppData\Local\Temp\jogamp_0000\file_cache\jln7535060409388403471\jln2479193686049630053\natives\windows-amd64\jogl_mobile.dll
0x0000000063d00000 - 0x0000000063d14000 	C:\Program Files\Java\jre1.8.0_144\bin\javafx_font.dll
0x00007ffdea7d0000 - 0x00007ffdeaaec000 	C:\WINDOWS\SYSTEM32\dwrite.dll
0x00007ffe05430000 - 0x00007ffe054d0000 	C:\WINDOWS\System32\clbcatq.dll
0x00007ffe02370000 - 0x00007ffe0251e000 	C:\WINDOWS\SYSTEM32\WindowsCodecs.dll
0x00007ffdf0f10000 - 0x00007ffdf0f68000 	C:\WINDOWS\system32\dataexchange.dll
0x00007ffe00730000 - 0x00007ffe008cc000 	C:\WINDOWS\system32\dcomp.dll
0x00007ffe01820000 - 0x00007ffe01b2b000 	C:\WINDOWS\system32\d3d11.dll
0x00007ffe02da0000 - 0x00007ffe02e5b000 	C:\WINDOWS\system32\dxgi.dll
0x00007ffe02850000 - 0x00007ffe02a08000 	C:\WINDOWS\system32\twinapi.appcore.dll
0x00007ffe027c0000 - 0x00007ffe027e1000 	C:\WINDOWS\system32\RMCLIENT.dll
0x00007ffdf40c0000 - 0x00007ffdf40f4000 	C:\Program Files\Common Files\Microsoft Shared\Ink\rtscom.dll
0x00007ffdf2e10000 - 0x00007ffdf2ea7000 	C:\WINDOWS\System32\TextInputFramework.dll
0x00007ffdf2af0000 - 0x00007ffdf2e0e000 	C:\WINDOWS\System32\CoreUIComponents.dll
0x00007ffdffd10000 - 0x00007ffdffdea000 	C:\WINDOWS\System32\CoreMessaging.dll
0x00007ffe030a0000 - 0x00007ffe030d1000 	C:\WINDOWS\SYSTEM32\ntmarta.dll
0x00007ffe01d00000 - 0x00007ffe01e4d000 	C:\WINDOWS\SYSTEM32\wintypes.dll

VM Arguments:
jvm_args: -Dfile.encoding=UTF-8 
java_command: Driver
java_class_path (initial): C:\Program Files\Java\jre1.8.0_144\lib\resources.jar;C:\Program Files\Java\jre1.8.0_144\lib\rt.jar;C:\Program Files\Java\jre1.8.0_144\lib\jsse.jar;C:\Program Files\Java\jre1.8.0_144\lib\jce.jar;C:\Program Files\Java\jre1.8.0_144\lib\charsets.jar;C:\Program Files\Java\jre1.8.0_144\lib\jfr.jar;C:\Program Files\Java\jre1.8.0_144\lib\ext\access-bridge-64.jar;C:\Program Files\Java\jre1.8.0_144\lib\ext\cldrdata.jar;C:\Program Files\Java\jre1.8.0_144\lib\ext\dnsns.jar;C:\Program Files\Java\jre1.8.0_144\lib\ext\jaccess.jar;C:\Program Files\Java\jre1.8.0_144\lib\ext\jfxrt.jar;C:\Program Files\Java\jre1.8.0_144\lib\ext\localedata.jar;C:\Program Files\Java\jre1.8.0_144\lib\ext\nashorn.jar;C:\Program Files\Java\jre1.8.0_144\lib\ext\sunec.jar;C:\Program Files\Java\jre1.8.0_144\lib\ext\sunjce_provider.jar;C:\Program Files\Java\jre1.8.0_144\lib\ext\sunmscapi.jar;C:\Program Files\Java\jre1.8.0_144\lib\ext\sunpkcs11.jar;C:\Program Files\Java\jre1.8.0_144\lib\ext\zipfs.jar;C:\Users\LENOVO\Desktop\Birzeit\3rdYear1stSem\COMP3321(COMPUTER GRAPHICS)\Lib\gluegen-rt.jar;C:\Users\LENOVO\Desktop\Birzeit\3rdYear1stSem\COMP3321(COMPUTER GRAPHICS)\Lib\gluegen-rt-natives-windows-amd64.jar;C:\Users\LENOVO\Desktop\Birzeit\3rdYear1stSem\COMP3321(COMPUTER GRAPHICS)\Lib\jogl-all.jar;C:\Users\LENOVO\Desktop\Birzeit\3rdYear1stSem\COMP3321(COMPUTER GRAPHICS)\Lib\jogl-all-natives-windows-amd64.jar;C:\Users\LENOVO\Desktop\Birzeit\3rdYear1stSem\COMP3321(COMPUTER GRAPHICS)\Graphics\Project1Final\bin
Launcher Type: SUN_STANDARD

Environment Variables:
PATH=C:/Program Files/Java/jre1.8.0_144/bin/server;C:/Program Files/Java/jre1.8.0_144/bin;C:/Program Files/Java/jre1.8.0_144/lib/amd64;C:\Program Files\Common Files\Microsoft Shared\Windows Live;C:\Program Files (x86)\Common Files\Microsoft Shared\Windows Live;C:\Program Files (x86)\Intel\iCLS Client\;C:\Program Files\Intel\iCLS Client\;C:\ProgramData\Oracle\Java\javapath;C:\WINDOWS\system32;C:\WINDOWS;C:\WINDOWS\System32\Wbem;C:\WINDOWS\System32\WindowsPowerShell\v1.0\;C:\Program Files (x86)\Intel\Intel(R) Management Engine Components\DAL;C:\Program Files\Intel\Intel(R) Management Engine Components\DAL;C:\Program Files (x86)\Intel\Intel(R) Management Engine Components\IPT;C:\Program Files\Intel\Intel(R) Management Engine Components\IPT;C:\Program Files (x86)\Windows Live\Shared;C:\Program Files\Calibre2\;c:\users\lenovo\desktop\2ndyear1stsem\encs234(digital)\quartus\bin;C:\WINDOWS\System32\OpenSSH\;C:\Users\LENOVO\AppData\Local\Microsoft\WindowsApps;;C:\Users\LENOVO\Desktop;
USERNAME=LENOVO
OS=Windows_NT
PROCESSOR_IDENTIFIER=Intel64 Family 6 Model 58 Stepping 9, GenuineIntel



---------------  S Y S T E M  ---------------

OS: Windows 10.0 , 64 bit Build 17134 (10.0.17134.1)

CPU:total 4 (initial active 4) (2 cores per cpu, 2 threads per core) family 6 model 58 stepping 9, cmov, cx8, fxsr, mmx, sse, sse2, sse3, ssse3, sse4.1, sse4.2, popcnt, avx, aes, clmul, erms, ht, tsc, tscinvbit, tscinv

Memory: 4k page, physical 3865732k(256844k free), swap 15924356k(1484k free)

vm_info: Java HotSpot(TM) 64-Bit Server VM (25.144-b01) for windows-amd64 JRE (1.8.0_144-b01), built on Jul 21 2017 21:57:33 by "java_re" with MS VC++ 10.0 (VS2010)

time: Wed Oct 24 05:51:32 2018
elapsed time: 17 seconds (0d 0h 0m 17s)

